app/build/intermediates/manifest_merge_blame_file/debug/manifest-merger-blame-debug-report.txt
1<?xml version="1.0" encoding="utf-8"?>
2<manifest xmlns:android="http://schemas.android.com/apk/res/android"
3    xmlns:dist="http://schemas.android.com/apk/distribution"
4    package="org.tensorflow.lite.examples.objectdetection"
5    android:versionCode="1"
6    android:versionName="1.0.0" >
7
8    <uses-sdk
9        android:minSdkVersion="21"
9-->src\main\AndroidManifest.xml
10        android:targetSdkVersion="32" />
10-->src\main\AndroidManifest.xml
11
12    <dist:module dist:instant="true" />
12-->src\main\AndroidManifest.xml:9:5-40
12-->src\main\AndroidManifest.xml:9:18-37
13
14    <uses-feature android:name="android.hardware.camera" />
14-->src\main\AndroidManifest.xml:10:5-60
14-->src\main\AndroidManifest.xml:10:19-57
15
16    <uses-permission android:name="android.permission.CAMERA" />
16-->src\main\AndroidManifest.xml:11:5-65
16-->src\main\AndroidManifest.xml:11:22-62
17    <uses-permission android:name="android.permission.WRITE_EXTERNAL_STORAGE" />
18    <uses-permission android:name="android.permission.READ_PHONE_STATE" />
19    <uses-permission android:name="android.permission.READ_EXTERNAL_STORAGE" />
20
21    <application
21-->src\main\AndroidManifest.xml:13:5-39:19
22        android:allowBackup="true"
22-->src\main\AndroidManifest.xml:17:9-35
23        android:appComponentFactory="androidx.core.app.CoreComponentFactory"
23-->[androidx.core:core:1.6.0] AndroidManifest.xml:24:18-86
24        android:debuggable="true"
25        android:icon="@drawable/ic_launcher_foreground"
25-->src\main\AndroidManifest.xml:14:9-56
26        android:label="Object Detector"
26-->src\main\AndroidManifest.xml:16:9-40
27        android:roundIcon="@drawable/ic_launcher_foreground"
27-->src\main\AndroidManifest.xml:15:9-61
28        android:taskAffinity="" >
28-->src\main\AndroidManifest.xml:18:9-32
29        <activity
29-->src\main\AndroidManifest.xml:21:9-37:20
30            android:name="org.tensorflow.lite.examples.objectdetection.MainActivity"
30-->src\main\AndroidManifest.xml:22:13-41
31            android:clearTaskOnLaunch="true"
31-->src\main\AndroidManifest.xml:23:13-45
32            android:configChanges="orientation|screenLayout|screenSize|smallestScreenSize"
32-->src\main\AndroidManifest.xml:29:13-91
33            android:exported="true"
33-->src\main\AndroidManifest.xml:25:13-36
34            android:icon="@drawable/ic_launcher_foreground"
34-->src\main\AndroidManifest.xml:26:13-60
35            android:resizeableActivity="true"
35-->src\main\AndroidManifest.xml:28:13-46
36            android:rotationAnimation="seamless"
36-->src\main\AndroidManifest.xml:27:13-49
37            android:theme="@style/AppTheme" >
37-->src\main\AndroidManifest.xml:24:13-44
38            <intent-filter>
38-->src\main\AndroidManifest.xml:31:13-34:29
39                <action android:name="android.intent.action.MAIN" />
39-->src\main\AndroidManifest.xml:32:17-69
39-->src\main\AndroidManifest.xml:32:25-66
40
41                <category android:name="android.intent.category.LAUNCHER" />
41-->src\main\AndroidManifest.xml:33:17-77
41-->src\main\AndroidManifest.xml:33:27-74
42            </intent-filter>
43
44            <meta-data
44-->src\main\AndroidManifest.xml:35:13-83
45                android:name="android.notch_support"
45-->src\main\AndroidManifest.xml:35:24-60
46                android:value="true" />
46-->src\main\AndroidManifest.xml:35:61-81
47        </activity>
48
49        <uses-library
49-->[androidx.window:window:1.0.0-alpha09] AndroidManifest.xml:25:9-27:40
50            android:name="androidx.window.extensions"
50-->[androidx.window:window:1.0.0-alpha09] AndroidManifest.xml:26:13-54
51            android:required="false" />
51-->[androidx.window:window:1.0.0-alpha09] AndroidManifest.xml:27:13-37
52        <uses-library
52-->[androidx.window:window:1.0.0-alpha09] AndroidManifest.xml:28:9-30:40
53            android:name="androidx.window.sidecar"
53-->[androidx.window:window:1.0.0-alpha09] AndroidManifest.xml:29:13-51
54            android:required="false" />
54-->[androidx.window:window:1.0.0-alpha09] AndroidManifest.xml:30:13-37
55
56        <service
56-->[androidx.camera:camera-camera2:1.1.0-beta03] AndroidManifest.xml:26:9-35:19
57            android:name="androidx.camera.core.impl.MetadataHolderService"
57-->[androidx.camera:camera-camera2:1.1.0-beta03] AndroidManifest.xml:27:13-75
58            android:enabled="false"
58-->[androidx.camera:camera-camera2:1.1.0-beta03] AndroidManifest.xml:28:13-36
59            android:exported="false" >
59-->[androidx.camera:camera-camera2:1.1.0-beta03] AndroidManifest.xml:29:13-37
60            <meta-data
60-->[androidx.camera:camera-camera2:1.1.0-beta03] AndroidManifest.xml:32:13-34:89
61                android:name="androidx.camera.core.impl.MetadataHolderService.DEFAULT_CONFIG_PROVIDER"
61-->[androidx.camera:camera-camera2:1.1.0-beta03] AndroidManifest.xml:33:17-103
62                android:value="androidx.camera.camera2.Camera2Config$DefaultProvider" />
62-->[androidx.camera:camera-camera2:1.1.0-beta03] AndroidManifest.xml:34:17-86
63        </service>
64
65        <provider
65-->[androidx.lifecycle:lifecycle-process:2.2.0] AndroidManifest.xml:25:9-29:43
66            android:name="androidx.lifecycle.ProcessLifecycleOwnerInitializer"
66-->[androidx.lifecycle:lifecycle-process:2.2.0] AndroidManifest.xml:26:13-79
67            android:authorities="org.tensorflow.lite.examples.objectdetection.lifecycle-process"
67-->[androidx.lifecycle:lifecycle-process:2.2.0] AndroidManifest.xml:27:13-69
68            android:exported="false"
68-->[androidx.lifecycle:lifecycle-process:2.2.0] AndroidManifest.xml:28:13-37
69            android:multiprocess="true" />
69-->[androidx.lifecycle:lifecycle-process:2.2.0] AndroidManifest.xml:29:13-40
70    </application>
71
72</manifest>